# JRE version: Java(TM) SE Runtime Environment (8.0_361) (build 1.8.0_361-b09)
# Java VM: Java HotSpot(TM) 64-Bit Server VM (25.361-b09 mixed mode windows-amd64 compressed oops)
Heap:
 PSYoungGen      total 73728K, used 35160K [0x000000076e300000, 0x0000000773500000, 0x00000007c0000000)
  eden space 63488K, 55% used [0x000000076e300000,0x0000000770556158,0x0000000772100000)
  from space 10240K, 0% used [0x0000000772b00000,0x0000000772b00000,0x0000000773500000)
  to   space 10240K, 0% used [0x0000000772100000,0x0000000772100000,0x0000000772b00000)
 ParOldGen       total 79872K, used 10791K [0x00000006ca800000, 0x00000006cf600000, 0x000000076e300000)
  object space 79872K, 13% used [0x00000006ca800000,0x00000006cb289da0,0x00000006cf600000)
 Metaspace       used 23614K, capacity 24792K, committed 25136K, reserved 1071104K
  class space    used 3281K, capacity 3537K, committed 3632K, reserved 1048576K
GC Heap History (6 events):
Event: 1.052 GC heap before
{Heap before GC invocations=1 (full 0):
 PSYoungGen      total 73728K, used 63488K [0x000000076e300000, 0x0000000773500000, 0x00000007c0000000)
  eden space 63488K, 100% used [0x000000076e300000,0x0000000772100000,0x0000000772100000)
  from space 10240K, 0% used [0x0000000772b00000,0x0000000772b00000,0x0000000773500000)
  to   space 10240K, 0% used [0x0000000772100000,0x0000000772100000,0x0000000772b00000)
 ParOldGen       total 167936K, used 0K [0x00000006ca800000, 0x00000006d4c00000, 0x000000076e300000)
  object space 167936K, 0% used [0x00000006ca800000,0x00000006ca800000,0x00000006d4c00000)
 Metaspace       used 17192K, capacity 17906K, committed 18048K, reserved 1064960K
  class space    used 2467K, capacity 2642K, committed 2688K, reserved 1048576K
Event: 1.056 GC heap after
Heap after GC invocations=1 (full 0):
 PSYoungGen      total 73728K, used 5876K [0x000000076e300000, 0x0000000773500000, 0x00000007c0000000)
  eden space 63488K, 0% used [0x000000076e300000,0x000000076e300000,0x0000000772100000)
  from space 10240K, 57% used [0x0000000772100000,0x00000007726bd008,0x0000000772b00000)
  to   space 10240K, 0% used [0x0000000772b00000,0x0000000772b00000,0x0000000773500000)
 ParOldGen       total 167936K, used 88K [0x00000006ca800000, 0x00000006d4c00000, 0x000000076e300000)
  object space 167936K, 0% used [0x00000006ca800000,0x00000006ca816010,0x00000006d4c00000)
 Metaspace       used 17192K, capacity 17906K, committed 18048K, reserved 1064960K
  class space    used 2467K, capacity 2642K, committed 2688K, reserved 1048576K
}
Event: 9.539 GC heap before
{Heap before GC invocations=2 (full 0):
 PSYoungGen      total 73728K, used 26967K [0x000000076e300000, 0x0000000773500000, 0x00000007c0000000)
  eden space 63488K, 33% used [0x000000076e300000,0x000000076f798d10,0x0000000772100000)
  from space 10240K, 57% used [0x0000000772100000,0x00000007726bd008,0x0000000772b00000)
  to   space 10240K, 0% used [0x0000000772b00000,0x0000000772b00000,0x0000000773500000)
 ParOldGen       total 167936K, used 88K [0x00000006ca800000, 0x00000006d4c00000, 0x000000076e300000)
  object space 167936K, 0% used [0x00000006ca800000,0x00000006ca816010,0x00000006d4c00000)
 Metaspace       used 20250K, capacity 21216K, committed 21296K, reserved 1067008K
  class space    used 2838K, capacity 3089K, committed 3120K, reserved 1048576K
Event: 9.545 GC heap after
Heap after GC invocations=2 (full 0):
 PSYoungGen      total 73728K, used 8866K [0x000000076e300000, 0x0000000773500000, 0x00000007c0000000)
  eden space 63488K, 0% used [0x000000076e300000,0x000000076e300000,0x0000000772100000)
  from space 10240K, 86% used [0x0000000772b00000,0x00000007733a8a78,0x0000000773500000)
  to   space 10240K, 0% used [0x0000000772100000,0x0000000772100000,0x0000000772b00000)
 ParOldGen       total 167936K, used 4200K [0x00000006ca800000, 0x00000006d4c00000, 0x000000076e300000)
  object space 167936K, 2% used [0x00000006ca800000,0x00000006cac1a030,0x00000006d4c00000)
 Metaspace       used 20250K, capacity 21216K, committed 21296K, reserved 1067008K
  class space    used 2838K, capacity 3089K, committed 3120K, reserved 1048576K
}
Event: 9.545 GC heap before
{Heap before GC invocations=3 (full 1):
 PSYoungGen      total 73728K, used 8866K [0x000000076e300000, 0x0000000773500000, 0x00000007c0000000)
  eden space 63488K, 0% used [0x000000076e300000,0x000000076e300000,0x0000000772100000)
  from space 10240K, 86% used [0x0000000772b00000,0x00000007733a8a78,0x0000000773500000)
  to   space 10240K, 0% used [0x0000000772100000,0x0000000772100000,0x0000000772b00000)
 ParOldGen       total 167936K, used 4200K [0x00000006ca800000, 0x00000006d4c00000, 0x000000076e300000)
  object space 167936K, 2% used [0x00000006ca800000,0x00000006cac1a030,0x00000006d4c00000)
 Metaspace       used 20250K, capacity 21216K, committed 21296K, reserved 1067008K
  class space    used 2838K, capacity 3089K, committed 3120K, reserved 1048576K
Event: 9.563 GC heap after
Heap after GC invocations=3 (full 1):
 PSYoungGen      total 73728K, used 0K [0x000000076e300000, 0x0000000773500000, 0x00000007c0000000)
  eden space 63488K, 0% used [0x000000076e300000,0x000000076e300000,0x0000000772100000)
  from space 10240K, 0% used [0x0000000772b00000,0x0000000772b00000,0x0000000773500000)
  to   space 10240K, 0% used [0x0000000772100000,0x0000000772100000,0x0000000772b00000)
 ParOldGen       total 79872K, used 10791K [0x00000006ca800000, 0x00000006cf600000, 0x000000076e300000)
  object space 79872K, 13% used [0x00000006ca800000,0x00000006cb289da0,0x00000006cf600000)
 Metaspace       used 20250K, capacity 21216K, committed 21296K, reserved 1067008K
  class space    used 2838K, capacity 3089K, committed 3120K, reserved 1048576K
}

