# JRE version: Java(TM) SE Runtime Environment (8.0_361) (build 1.8.0_361-b09)
# Java VM: Java HotSpot(TM) 64-Bit Server VM (25.361-b09 mixed mode windows-amd64 compressed oops)
Heap:
 PSYoungGen      total 73728K, used 34616K [0x000000076e300000, 0x0000000773500000, 0x00000007c0000000)
  eden space 63488K, 54% used [0x000000076e300000,0x00000007704ce008,0x0000000772100000)
  from space 10240K, 0% used [0x0000000772b00000,0x0000000772b00000,0x0000000773500000)
  to   space 10240K, 0% used [0x0000000772100000,0x0000000772100000,0x0000000772b00000)
 ParOldGen       total 76800K, used 10339K [0x00000006ca800000, 0x00000006cf300000, 0x000000076e300000)
  object space 76800K, 13% used [0x00000006ca800000,0x00000006cb218c18,0x00000006cf300000)
 Metaspace       used 23563K, capacity 24626K, committed 24752K, reserved 1071104K
  class space    used 3226K, capacity 3466K, committed 3504K, reserved 1048576K
GC Heap History (6 events):
Event: 1.136 GC heap before
{Heap before GC invocations=1 (full 0):
 PSYoungGen      total 73728K, used 63488K [0x000000076e300000, 0x0000000773500000, 0x00000007c0000000)
  eden space 63488K, 100% used [0x000000076e300000,0x0000000772100000,0x0000000772100000)
  from space 10240K, 0% used [0x0000000772b00000,0x0000000772b00000,0x0000000773500000)
  to   space 10240K, 0% used [0x0000000772100000,0x0000000772100000,0x0000000772b00000)
 ParOldGen       total 167936K, used 0K [0x00000006ca800000, 0x00000006d4c00000, 0x000000076e300000)
  object space 167936K, 0% used [0x00000006ca800000,0x00000006ca800000,0x00000006d4c00000)
 Metaspace       used 17339K, capacity 18118K, committed 18432K, reserved 1064960K
  class space    used 2526K, capacity 2746K, committed 2816K, reserved 1048576K
Event: 1.139 GC heap after
Heap after GC invocations=1 (full 0):
 PSYoungGen      total 73728K, used 5796K [0x000000076e300000, 0x0000000773500000, 0x00000007c0000000)
  eden space 63488K, 0% used [0x000000076e300000,0x000000076e300000,0x0000000772100000)
  from space 10240K, 56% used [0x0000000772100000,0x00000007726a9018,0x0000000772b00000)
  to   space 10240K, 0% used [0x0000000772b00000,0x0000000772b00000,0x0000000773500000)
 ParOldGen       total 167936K, used 88K [0x00000006ca800000, 0x00000006d4c00000, 0x000000076e300000)
  object space 167936K, 0% used [0x00000006ca800000,0x00000006ca816010,0x00000006d4c00000)
 Metaspace       used 17339K, capacity 18118K, committed 18432K, reserved 1064960K
  class space    used 2526K, capacity 2746K, committed 2816K, reserved 1048576K
}
Event: 4.866 GC heap before
{Heap before GC invocations=2 (full 0):
 PSYoungGen      total 73728K, used 24730K [0x000000076e300000, 0x0000000773500000, 0x00000007c0000000)
  eden space 63488K, 29% used [0x000000076e300000,0x000000076f57db10,0x0000000772100000)
  from space 10240K, 56% used [0x0000000772100000,0x00000007726a9018,0x0000000772b00000)
  to   space 10240K, 0% used [0x0000000772b00000,0x0000000772b00000,0x0000000773500000)
 ParOldGen       total 167936K, used 88K [0x00000006ca800000, 0x00000006d4c00000, 0x000000076e300000)
  object space 167936K, 0% used [0x00000006ca800000,0x00000006ca816010,0x00000006d4c00000)
 Metaspace       used 20330K, capacity 21208K, committed 21296K, reserved 1067008K
  class space    used 2890K, capacity 3095K, committed 3120K, reserved 1048576K
Event: 4.872 GC heap after
Heap after GC invocations=2 (full 0):
 PSYoungGen      total 73728K, used 10210K [0x000000076e300000, 0x0000000773500000, 0x00000007c0000000)
  eden space 63488K, 0% used [0x000000076e300000,0x000000076e300000,0x0000000772100000)
  from space 10240K, 99% used [0x0000000772b00000,0x00000007734f8a88,0x0000000773500000)
  to   space 10240K, 0% used [0x0000000772100000,0x0000000772100000,0x0000000772b00000)
 ParOldGen       total 167936K, used 2296K [0x00000006ca800000, 0x00000006d4c00000, 0x000000076e300000)
  object space 167936K, 1% used [0x00000006ca800000,0x00000006caa3e020,0x00000006d4c00000)
 Metaspace       used 20330K, capacity 21208K, committed 21296K, reserved 1067008K
  class space    used 2890K, capacity 3095K, committed 3120K, reserved 1048576K
}
Event: 4.872 GC heap before
{Heap before GC invocations=3 (full 1):
 PSYoungGen      total 73728K, used 10210K [0x000000076e300000, 0x0000000773500000, 0x00000007c0000000)
  eden space 63488K, 0% used [0x000000076e300000,0x000000076e300000,0x0000000772100000)
  from space 10240K, 99% used [0x0000000772b00000,0x00000007734f8a88,0x0000000773500000)
  to   space 10240K, 0% used [0x0000000772100000,0x0000000772100000,0x0000000772b00000)
 ParOldGen       total 167936K, used 2296K [0x00000006ca800000, 0x00000006d4c00000, 0x000000076e300000)
  object space 167936K, 1% used [0x00000006ca800000,0x00000006caa3e020,0x00000006d4c00000)
 Metaspace       used 20330K, capacity 21208K, committed 21296K, reserved 1067008K
  class space    used 2890K, capacity 3095K, committed 3120K, reserved 1048576K
Event: 4.891 GC heap after
Heap after GC invocations=3 (full 1):
 PSYoungGen      total 73728K, used 0K [0x000000076e300000, 0x0000000773500000, 0x00000007c0000000)
  eden space 63488K, 0% used [0x000000076e300000,0x000000076e300000,0x0000000772100000)
  from space 10240K, 0% used [0x0000000772b00000,0x0000000772b00000,0x0000000773500000)
  to   space 10240K, 0% used [0x0000000772100000,0x0000000772100000,0x0000000772b00000)
 ParOldGen       total 76800K, used 10339K [0x00000006ca800000, 0x00000006cf300000, 0x000000076e300000)
  object space 76800K, 13% used [0x00000006ca800000,0x00000006cb218c18,0x00000006cf300000)
 Metaspace       used 20330K, capacity 21208K, committed 21296K, reserved 1067008K
  class space    used 2890K, capacity 3095K, committed 3120K, reserved 1048576K
}

