# JRE version: Java(TM) SE Runtime Environment (8.0_361) (build 1.8.0_361-b09)
# Java VM: Java HotSpot(TM) 64-Bit Server VM (25.361-b09 mixed mode windows-amd64 compressed oops)
Heap:
 PSYoungGen      total 73728K, used 11841K [0x000000076e300000, 0x0000000773500000, 0x00000007c0000000)
  eden space 63488K, 2% used [0x000000076e300000,0x000000076e4d9c18,0x0000000772100000)
  from space 10240K, 97% used [0x0000000772100000,0x0000000772ab6a90,0x0000000772b00000)
  to   space 10240K, 0% used [0x0000000772b00000,0x0000000772b00000,0x0000000773500000)
 ParOldGen       total 113152K, used 8946K [0x00000006ca800000, 0x00000006d1680000, 0x000000076e300000)
  object space 113152K, 7% used [0x00000006ca800000,0x00000006cb0bc8c8,0x00000006d1680000)
 Metaspace       used 25804K, capacity 27397K, committed 27520K, reserved 1073152K
  class space    used 3584K, capacity 3868K, committed 3968K, reserved 1048576K
GC Heap History (8 events):
Event: 1.047 GC heap before
{Heap before GC invocations=1 (full 0):
 PSYoungGen      total 73728K, used 63488K [0x000000076e300000, 0x0000000773500000, 0x00000007c0000000)
  eden space 63488K, 100% used [0x000000076e300000,0x0000000772100000,0x0000000772100000)
  from space 10240K, 0% used [0x0000000772b00000,0x0000000772b00000,0x0000000773500000)
  to   space 10240K, 0% used [0x0000000772100000,0x0000000772100000,0x0000000772b00000)
 ParOldGen       total 167936K, used 0K [0x00000006ca800000, 0x00000006d4c00000, 0x000000076e300000)
  object space 167936K, 0% used [0x00000006ca800000,0x00000006ca800000,0x00000006d4c00000)
 Metaspace       used 14041K, capacity 14580K, committed 14848K, reserved 1062912K
  class space    used 1848K, capacity 1993K, committed 2048K, reserved 1048576K
Event: 1.050 GC heap after
Heap after GC invocations=1 (full 0):
 PSYoungGen      total 73728K, used 5412K [0x000000076e300000, 0x0000000773500000, 0x00000007c0000000)
  eden space 63488K, 0% used [0x000000076e300000,0x000000076e300000,0x0000000772100000)
  from space 10240K, 52% used [0x0000000772100000,0x0000000772649018,0x0000000772b00000)
  to   space 10240K, 0% used [0x0000000772b00000,0x0000000772b00000,0x0000000773500000)
 ParOldGen       total 167936K, used 88K [0x00000006ca800000, 0x00000006d4c00000, 0x000000076e300000)
  object space 167936K, 0% used [0x00000006ca800000,0x00000006ca816010,0x00000006d4c00000)
 Metaspace       used 14041K, capacity 14580K, committed 14848K, reserved 1062912K
  class space    used 1848K, capacity 1993K, committed 2048K, reserved 1048576K
}
Event: 1.439 GC heap before
{Heap before GC invocations=2 (full 0):
 PSYoungGen      total 73728K, used 40413K [0x000000076e300000, 0x0000000773500000, 0x00000007c0000000)
  eden space 63488K, 55% used [0x000000076e300000,0x000000077052e778,0x0000000772100000)
  from space 10240K, 52% used [0x0000000772100000,0x0000000772649018,0x0000000772b00000)
  to   space 10240K, 0% used [0x0000000772b00000,0x0000000772b00000,0x0000000773500000)
 ParOldGen       total 167936K, used 88K [0x00000006ca800000, 0x00000006d4c00000, 0x000000076e300000)
  object space 167936K, 0% used [0x00000006ca800000,0x00000006ca816010,0x00000006d4c00000)
 Metaspace       used 19924K, capacity 21203K, committed 21296K, reserved 1067008K
  class space    used 2924K, capacity 3200K, committed 3200K, reserved 1048576K
Event: 1.446 GC heap after
Heap after GC invocations=2 (full 0):
 PSYoungGen      total 73728K, used 9170K [0x000000076e300000, 0x0000000773500000, 0x00000007c0000000)
  eden space 63488K, 0% used [0x000000076e300000,0x000000076e300000,0x0000000772100000)
  from space 10240K, 89% used [0x0000000772b00000,0x00000007733f4a58,0x0000000773500000)
  to   space 10240K, 0% used [0x0000000772100000,0x0000000772100000,0x0000000772b00000)
 ParOldGen       total 167936K, used 96K [0x00000006ca800000, 0x00000006d4c00000, 0x000000076e300000)
  object space 167936K, 0% used [0x00000006ca800000,0x00000006ca818010,0x00000006d4c00000)
 Metaspace       used 19924K, capacity 21203K, committed 21296K, reserved 1067008K
  class space    used 2924K, capacity 3200K, committed 3200K, reserved 1048576K
}
Event: 1.446 GC heap before
{Heap before GC invocations=3 (full 1):
 PSYoungGen      total 73728K, used 9170K [0x000000076e300000, 0x0000000773500000, 0x00000007c0000000)
  eden space 63488K, 0% used [0x000000076e300000,0x000000076e300000,0x0000000772100000)
  from space 10240K, 89% used [0x0000000772b00000,0x00000007733f4a58,0x0000000773500000)
  to   space 10240K, 0% used [0x0000000772100000,0x0000000772100000,0x0000000772b00000)
 ParOldGen       total 167936K, used 96K [0x00000006ca800000, 0x00000006d4c00000, 0x000000076e300000)
  object space 167936K, 0% used [0x00000006ca800000,0x00000006ca818010,0x00000006d4c00000)
 Metaspace       used 19924K, capacity 21203K, committed 21296K, reserved 1067008K
  class space    used 2924K, capacity 3200K, committed 3200K, reserved 1048576K
Event: 1.469 GC heap after
Heap after GC invocations=3 (full 1):
 PSYoungGen      total 73728K, used 0K [0x000000076e300000, 0x0000000773500000, 0x00000007c0000000)
  eden space 63488K, 0% used [0x000000076e300000,0x000000076e300000,0x0000000772100000)
  from space 10240K, 0% used [0x0000000772b00000,0x0000000772b00000,0x0000000773500000)
  to   space 10240K, 0% used [0x0000000772100000,0x0000000772100000,0x0000000772b00000)
 ParOldGen       total 113152K, used 8938K [0x00000006ca800000, 0x00000006d1680000, 0x000000076e300000)
  object space 113152K, 7% used [0x00000006ca800000,0x00000006cb0ba8c8,0x00000006d1680000)
 Metaspace       used 19924K, capacity 21203K, committed 21296K, reserved 1067008K
  class space    used 2924K, capacity 3200K, committed 3200K, reserved 1048576K
}
Event: 138.723 GC heap before
{Heap before GC invocations=4 (full 1):
 PSYoungGen      total 73728K, used 63488K [0x000000076e300000, 0x0000000773500000, 0x00000007c0000000)
  eden space 63488K, 100% used [0x000000076e300000,0x0000000772100000,0x0000000772100000)
  from space 10240K, 0% used [0x0000000772b00000,0x0000000772b00000,0x0000000773500000)
  to   space 10240K, 0% used [0x0000000772100000,0x0000000772100000,0x0000000772b00000)
 ParOldGen       total 113152K, used 8938K [0x00000006ca800000, 0x00000006d1680000, 0x000000076e300000)
  object space 113152K, 7% used [0x00000006ca800000,0x00000006cb0ba8c8,0x00000006d1680000)
 Metaspace       used 25790K, capacity 27385K, committed 27520K, reserved 1073152K
  class space    used 3583K, capacity 3866K, committed 3968K, reserved 1048576K
Event: 138.728 GC heap after
Heap after GC invocations=4 (full 1):
 PSYoungGen      total 73728K, used 9946K [0x000000076e300000, 0x0000000773500000, 0x00000007c0000000)
  eden space 63488K, 0% used [0x000000076e300000,0x000000076e300000,0x0000000772100000)
  from space 10240K, 97% used [0x0000000772100000,0x0000000772ab6a90,0x0000000772b00000)
  to   space 10240K, 0% used [0x0000000772b00000,0x0000000772b00000,0x0000000773500000)
 ParOldGen       total 113152K, used 8946K [0x00000006ca800000, 0x00000006d1680000, 0x000000076e300000)
  object space 113152K, 7% used [0x00000006ca800000,0x00000006cb0bc8c8,0x00000006d1680000)
 Metaspace       used 25790K, capacity 27385K, committed 27520K, reserved 1073152K
  class space    used 3583K, capacity 3866K, committed 3968K, reserved 1048576K
}

