# JRE version: Java(TM) SE Runtime Environment (8.0_361) (build 1.8.0_361-b09)
# Java VM: Java HotSpot(TM) 64-Bit Server VM (25.361-b09 mixed mode windows-amd64 compressed oops)
Heap:
 PSYoungGen      total 73728K, used 26228K [0x000000076e300000, 0x0000000774780000, 0x00000007c0000000)
  eden space 63488K, 27% used [0x000000076e300000,0x000000076f4165f0,0x0000000772100000)
  from space 10240K, 85% used [0x0000000772100000,0x0000000772986a90,0x0000000772b00000)
  to   space 10240K, 0% used [0x0000000773d80000,0x0000000773d80000,0x0000000774780000)
 ParOldGen       total 112128K, used 8636K [0x00000006ca800000, 0x00000006d1580000, 0x000000076e300000)
  object space 112128K, 7% used [0x00000006ca800000,0x00000006cb06f300,0x00000006d1580000)
 Metaspace       used 26211K, capacity 27767K, committed 28032K, reserved 1073152K
  class space    used 3621K, capacity 3931K, committed 3968K, reserved 1048576K
GC Heap History (8 events):
Event: 1.076 GC heap before
{Heap before GC invocations=1 (full 0):
 PSYoungGen      total 73728K, used 63488K [0x000000076e300000, 0x0000000773500000, 0x00000007c0000000)
  eden space 63488K, 100% used [0x000000076e300000,0x0000000772100000,0x0000000772100000)
  from space 10240K, 0% used [0x0000000772b00000,0x0000000772b00000,0x0000000773500000)
  to   space 10240K, 0% used [0x0000000772100000,0x0000000772100000,0x0000000772b00000)
 ParOldGen       total 167936K, used 0K [0x00000006ca800000, 0x00000006d4c00000, 0x000000076e300000)
  object space 167936K, 0% used [0x00000006ca800000,0x00000006ca800000,0x00000006d4c00000)
 Metaspace       used 14076K, capacity 14630K, committed 14848K, reserved 1062912K
  class space    used 1858K, capacity 2028K, committed 2048K, reserved 1048576K
Event: 1.078 GC heap after
Heap after GC invocations=1 (full 0):
 PSYoungGen      total 73728K, used 5332K [0x000000076e300000, 0x0000000773500000, 0x00000007c0000000)
  eden space 63488K, 0% used [0x000000076e300000,0x000000076e300000,0x0000000772100000)
  from space 10240K, 52% used [0x0000000772100000,0x0000000772635008,0x0000000772b00000)
  to   space 10240K, 0% used [0x0000000772b00000,0x0000000772b00000,0x0000000773500000)
 ParOldGen       total 167936K, used 88K [0x00000006ca800000, 0x00000006d4c00000, 0x000000076e300000)
  object space 167936K, 0% used [0x00000006ca800000,0x00000006ca816010,0x00000006d4c00000)
 Metaspace       used 14076K, capacity 14630K, committed 14848K, reserved 1062912K
  class space    used 1858K, capacity 2028K, committed 2048K, reserved 1048576K
}
Event: 1.452 GC heap before
{Heap before GC invocations=2 (full 0):
 PSYoungGen      total 73728K, used 37574K [0x000000076e300000, 0x0000000773500000, 0x00000007c0000000)
  eden space 63488K, 50% used [0x000000076e300000,0x000000077027cb40,0x0000000772100000)
  from space 10240K, 52% used [0x0000000772100000,0x0000000772635008,0x0000000772b00000)
  to   space 10240K, 0% used [0x0000000772b00000,0x0000000772b00000,0x0000000773500000)
 ParOldGen       total 167936K, used 88K [0x00000006ca800000, 0x00000006d4c00000, 0x000000076e300000)
  object space 167936K, 0% used [0x00000006ca800000,0x00000006ca816010,0x00000006d4c00000)
 Metaspace       used 19875K, capacity 21199K, committed 21296K, reserved 1067008K
  class space    used 2925K, capacity 3200K, committed 3200K, reserved 1048576K
Event: 1.458 GC heap after
Heap after GC invocations=2 (full 0):
 PSYoungGen      total 73728K, used 8799K [0x000000076e300000, 0x0000000773500000, 0x00000007c0000000)
  eden space 63488K, 0% used [0x000000076e300000,0x000000076e300000,0x0000000772100000)
  from space 10240K, 85% used [0x0000000772b00000,0x0000000773397fd8,0x0000000773500000)
  to   space 10240K, 0% used [0x0000000772100000,0x0000000772100000,0x0000000772b00000)
 ParOldGen       total 167936K, used 96K [0x00000006ca800000, 0x00000006d4c00000, 0x000000076e300000)
  object space 167936K, 0% used [0x00000006ca800000,0x00000006ca818010,0x00000006d4c00000)
 Metaspace       used 19875K, capacity 21199K, committed 21296K, reserved 1067008K
  class space    used 2925K, capacity 3200K, committed 3200K, reserved 1048576K
}
Event: 1.458 GC heap before
{Heap before GC invocations=3 (full 1):
 PSYoungGen      total 73728K, used 8799K [0x000000076e300000, 0x0000000773500000, 0x00000007c0000000)
  eden space 63488K, 0% used [0x000000076e300000,0x000000076e300000,0x0000000772100000)
  from space 10240K, 85% used [0x0000000772b00000,0x0000000773397fd8,0x0000000773500000)
  to   space 10240K, 0% used [0x0000000772100000,0x0000000772100000,0x0000000772b00000)
 ParOldGen       total 167936K, used 96K [0x00000006ca800000, 0x00000006d4c00000, 0x000000076e300000)
  object space 167936K, 0% used [0x00000006ca800000,0x00000006ca818010,0x00000006d4c00000)
 Metaspace       used 19875K, capacity 21199K, committed 21296K, reserved 1067008K
  class space    used 2925K, capacity 3200K, committed 3200K, reserved 1048576K
Event: 1.479 GC heap after
Heap after GC invocations=3 (full 1):
 PSYoungGen      total 73728K, used 0K [0x000000076e300000, 0x0000000773500000, 0x00000007c0000000)
  eden space 63488K, 0% used [0x000000076e300000,0x000000076e300000,0x0000000772100000)
  from space 10240K, 0% used [0x0000000772b00000,0x0000000772b00000,0x0000000773500000)
  to   space 10240K, 0% used [0x0000000772100000,0x0000000772100000,0x0000000772b00000)
 ParOldGen       total 112128K, used 8628K [0x00000006ca800000, 0x00000006d1580000, 0x000000076e300000)
  object space 112128K, 7% used [0x00000006ca800000,0x00000006cb06d300,0x00000006d1580000)
 Metaspace       used 19875K, capacity 21199K, committed 21296K, reserved 1067008K
  class space    used 2925K, capacity 3200K, committed 3200K, reserved 1048576K
}
Event: 38.280 GC heap before
{Heap before GC invocations=4 (full 1):
 PSYoungGen      total 73728K, used 63488K [0x000000076e300000, 0x0000000773500000, 0x00000007c0000000)
  eden space 63488K, 100% used [0x000000076e300000,0x0000000772100000,0x0000000772100000)
  from space 10240K, 0% used [0x0000000772b00000,0x0000000772b00000,0x0000000773500000)
  to   space 10240K, 0% used [0x0000000772100000,0x0000000772100000,0x0000000772b00000)
 ParOldGen       total 112128K, used 8628K [0x00000006ca800000, 0x00000006d1580000, 0x000000076e300000)
  object space 112128K, 7% used [0x00000006ca800000,0x00000006cb06d300,0x00000006d1580000)
 Metaspace       used 25839K, capacity 27463K, committed 27776K, reserved 1073152K
  class space    used 3589K, capacity 3897K, committed 3968K, reserved 1048576K
Event: 38.284 GC heap after
Heap after GC invocations=4 (full 1):
 PSYoungGen      total 73728K, used 8730K [0x000000076e300000, 0x0000000774780000, 0x00000007c0000000)
  eden space 63488K, 0% used [0x000000076e300000,0x000000076e300000,0x0000000772100000)
  from space 10240K, 85% used [0x0000000772100000,0x0000000772986a90,0x0000000772b00000)
  to   space 10240K, 0% used [0x0000000773d80000,0x0000000773d80000,0x0000000774780000)
 ParOldGen       total 112128K, used 8636K [0x00000006ca800000, 0x00000006d1580000, 0x000000076e300000)
  object space 112128K, 7% used [0x00000006ca800000,0x00000006cb06f300,0x00000006d1580000)
 Metaspace       used 25839K, capacity 27463K, committed 27776K, reserved 1073152K
  class space    used 3589K, capacity 3897K, committed 3968K, reserved 1048576K
}

