# JRE version: Java(TM) SE Runtime Environment (8.0_361) (build 1.8.0_361-b09)
# Java VM: Java HotSpot(TM) 64-Bit Server VM (25.361-b09 mixed mode windows-amd64 compressed oops)
Heap:
 PSYoungGen      total 73728K, used 34749K [0x000000076e300000, 0x0000000773500000, 0x00000007c0000000)
  eden space 63488K, 54% used [0x000000076e300000,0x00000007704ef438,0x0000000772100000)
  from space 10240K, 0% used [0x0000000772b00000,0x0000000772b00000,0x0000000773500000)
  to   space 10240K, 0% used [0x0000000772100000,0x0000000772100000,0x0000000772b00000)
 ParOldGen       total 77824K, used 10798K [0x00000006ca800000, 0x00000006cf400000, 0x000000076e300000)
  object space 77824K, 13% used [0x00000006ca800000,0x00000006cb28bbf8,0x00000006cf400000)
 Metaspace       used 23683K, capacity 24846K, committed 25088K, reserved 1071104K
  class space    used 3286K, capacity 3530K, committed 3584K, reserved 1048576K
GC Heap History (6 events):
Event: 1.450 GC heap before
{Heap before GC invocations=1 (full 0):
 PSYoungGen      total 73728K, used 63488K [0x000000076e300000, 0x0000000773500000, 0x00000007c0000000)
  eden space 63488K, 100% used [0x000000076e300000,0x0000000772100000,0x0000000772100000)
  from space 10240K, 0% used [0x0000000772b00000,0x0000000772b00000,0x0000000773500000)
  to   space 10240K, 0% used [0x0000000772100000,0x0000000772100000,0x0000000772b00000)
 ParOldGen       total 167936K, used 0K [0x00000006ca800000, 0x00000006d4c00000, 0x000000076e300000)
  object space 167936K, 0% used [0x00000006ca800000,0x00000006ca800000,0x00000006d4c00000)
 Metaspace       used 17202K, capacity 17906K, committed 18048K, reserved 1064960K
  class space    used 2468K, capacity 2642K, committed 2688K, reserved 1048576K
Event: 1.454 GC heap after
Heap after GC invocations=1 (full 0):
 PSYoungGen      total 73728K, used 5796K [0x000000076e300000, 0x0000000773500000, 0x00000007c0000000)
  eden space 63488K, 0% used [0x000000076e300000,0x000000076e300000,0x0000000772100000)
  from space 10240K, 56% used [0x0000000772100000,0x00000007726a9018,0x0000000772b00000)
  to   space 10240K, 0% used [0x0000000772b00000,0x0000000772b00000,0x0000000773500000)
 ParOldGen       total 167936K, used 88K [0x00000006ca800000, 0x00000006d4c00000, 0x000000076e300000)
  object space 167936K, 0% used [0x00000006ca800000,0x00000006ca816010,0x00000006d4c00000)
 Metaspace       used 17202K, capacity 17906K, committed 18048K, reserved 1064960K
  class space    used 2468K, capacity 2642K, committed 2688K, reserved 1048576K
}
Event: 5.563 GC heap before
{Heap before GC invocations=2 (full 0):
 PSYoungGen      total 73728K, used 26996K [0x000000076e300000, 0x0000000773500000, 0x00000007c0000000)
  eden space 63488K, 33% used [0x000000076e300000,0x000000076f7b4388,0x0000000772100000)
  from space 10240K, 56% used [0x0000000772100000,0x00000007726a9018,0x0000000772b00000)
  to   space 10240K, 0% used [0x0000000772b00000,0x0000000772b00000,0x0000000773500000)
 ParOldGen       total 167936K, used 88K [0x00000006ca800000, 0x00000006d4c00000, 0x000000076e300000)
  object space 167936K, 0% used [0x00000006ca800000,0x00000006ca816010,0x00000006d4c00000)
 Metaspace       used 20174K, capacity 21152K, committed 21296K, reserved 1067008K
  class space    used 2860K, capacity 3089K, committed 3200K, reserved 1048576K
Event: 5.568 GC heap after
Heap after GC invocations=2 (full 0):
 PSYoungGen      total 73728K, used 10221K [0x000000076e300000, 0x0000000773500000, 0x00000007c0000000)
  eden space 63488K, 0% used [0x000000076e300000,0x000000076e300000,0x0000000772100000)
  from space 10240K, 99% used [0x0000000772b00000,0x00000007734fb598,0x0000000773500000)
  to   space 10240K, 0% used [0x0000000772100000,0x0000000772100000,0x0000000772b00000)
 ParOldGen       total 167936K, used 2733K [0x00000006ca800000, 0x00000006d4c00000, 0x000000076e300000)
  object space 167936K, 1% used [0x00000006ca800000,0x00000006caaab520,0x00000006d4c00000)
 Metaspace       used 20174K, capacity 21152K, committed 21296K, reserved 1067008K
  class space    used 2860K, capacity 3089K, committed 3200K, reserved 1048576K
}
Event: 5.568 GC heap before
{Heap before GC invocations=3 (full 1):
 PSYoungGen      total 73728K, used 10221K [0x000000076e300000, 0x0000000773500000, 0x00000007c0000000)
  eden space 63488K, 0% used [0x000000076e300000,0x000000076e300000,0x0000000772100000)
  from space 10240K, 99% used [0x0000000772b00000,0x00000007734fb598,0x0000000773500000)
  to   space 10240K, 0% used [0x0000000772100000,0x0000000772100000,0x0000000772b00000)
 ParOldGen       total 167936K, used 2733K [0x00000006ca800000, 0x00000006d4c00000, 0x000000076e300000)
  object space 167936K, 1% used [0x00000006ca800000,0x00000006caaab520,0x00000006d4c00000)
 Metaspace       used 20174K, capacity 21152K, committed 21296K, reserved 1067008K
  class space    used 2860K, capacity 3089K, committed 3200K, reserved 1048576K
Event: 5.586 GC heap after
Heap after GC invocations=3 (full 1):
 PSYoungGen      total 73728K, used 0K [0x000000076e300000, 0x0000000773500000, 0x00000007c0000000)
  eden space 63488K, 0% used [0x000000076e300000,0x000000076e300000,0x0000000772100000)
  from space 10240K, 0% used [0x0000000772b00000,0x0000000772b00000,0x0000000773500000)
  to   space 10240K, 0% used [0x0000000772100000,0x0000000772100000,0x0000000772b00000)
 ParOldGen       total 77824K, used 10798K [0x00000006ca800000, 0x00000006cf400000, 0x000000076e300000)
  object space 77824K, 13% used [0x00000006ca800000,0x00000006cb28bbf8,0x00000006cf400000)
 Metaspace       used 20174K, capacity 21152K, committed 21296K, reserved 1067008K
  class space    used 2860K, capacity 3089K, committed 3200K, reserved 1048576K
}

