# JRE version: Java(TM) SE Runtime Environment (8.0_361) (build 1.8.0_361-b09)
# Java VM: Java HotSpot(TM) 64-Bit Server VM (25.361-b09 mixed mode windows-amd64 compressed oops)
Heap:
 PSYoungGen      total 73728K, used 36223K [0x000000076e300000, 0x0000000773500000, 0x00000007c0000000)
  eden space 63488K, 57% used [0x000000076e300000,0x000000077065ff60,0x0000000772100000)
  from space 10240K, 0% used [0x0000000772b00000,0x0000000772b00000,0x0000000773500000)
  to   space 10240K, 0% used [0x0000000772100000,0x0000000772100000,0x0000000772b00000)
 ParOldGen       total 79872K, used 10789K [0x00000006ca800000, 0x00000006cf600000, 0x000000076e300000)
  object space 79872K, 13% used [0x00000006ca800000,0x00000006cb289658,0x00000006cf600000)
 Metaspace       used 23831K, capacity 24988K, committed 25136K, reserved 1071104K
  class space    used 3297K, capacity 3559K, committed 3632K, reserved 1048576K
GC Heap History (6 events):
Event: 1.096 GC heap before
{Heap before GC invocations=1 (full 0):
 PSYoungGen      total 73728K, used 63488K [0x000000076e300000, 0x0000000773500000, 0x00000007c0000000)
  eden space 63488K, 100% used [0x000000076e300000,0x0000000772100000,0x0000000772100000)
  from space 10240K, 0% used [0x0000000772b00000,0x0000000772b00000,0x0000000773500000)
  to   space 10240K, 0% used [0x0000000772100000,0x0000000772100000,0x0000000772b00000)
 ParOldGen       total 167936K, used 0K [0x00000006ca800000, 0x00000006d4c00000, 0x000000076e300000)
  object space 167936K, 0% used [0x00000006ca800000,0x00000006ca800000,0x00000006d4c00000)
 Metaspace       used 17189K, capacity 17906K, committed 18048K, reserved 1064960K
  class space    used 2461K, capacity 2642K, committed 2688K, reserved 1048576K
Event: 1.100 GC heap after
Heap after GC invocations=1 (full 0):
 PSYoungGen      total 73728K, used 5812K [0x000000076e300000, 0x0000000773500000, 0x00000007c0000000)
  eden space 63488K, 0% used [0x000000076e300000,0x000000076e300000,0x0000000772100000)
  from space 10240K, 56% used [0x0000000772100000,0x00000007726ad008,0x0000000772b00000)
  to   space 10240K, 0% used [0x0000000772b00000,0x0000000772b00000,0x0000000773500000)
 ParOldGen       total 167936K, used 88K [0x00000006ca800000, 0x00000006d4c00000, 0x000000076e300000)
  object space 167936K, 0% used [0x00000006ca800000,0x00000006ca816010,0x00000006d4c00000)
 Metaspace       used 17189K, capacity 17906K, committed 18048K, reserved 1064960K
  class space    used 2461K, capacity 2642K, committed 2688K, reserved 1048576K
}
Event: 8.351 GC heap before
{Heap before GC invocations=2 (full 0):
 PSYoungGen      total 73728K, used 26890K [0x000000076e300000, 0x0000000773500000, 0x00000007c0000000)
  eden space 63488K, 33% used [0x000000076e300000,0x000000076f795860,0x0000000772100000)
  from space 10240K, 56% used [0x0000000772100000,0x00000007726ad008,0x0000000772b00000)
  to   space 10240K, 0% used [0x0000000772b00000,0x0000000772b00000,0x0000000773500000)
 ParOldGen       total 167936K, used 88K [0x00000006ca800000, 0x00000006d4c00000, 0x000000076e300000)
  object space 167936K, 0% used [0x00000006ca800000,0x00000006ca816010,0x00000006d4c00000)
 Metaspace       used 20239K, capacity 21216K, committed 21296K, reserved 1067008K
  class space    used 2837K, capacity 3089K, committed 3120K, reserved 1048576K
Event: 8.357 GC heap after
Heap after GC invocations=2 (full 0):
 PSYoungGen      total 73728K, used 8914K [0x000000076e300000, 0x0000000773500000, 0x00000007c0000000)
  eden space 63488K, 0% used [0x000000076e300000,0x000000076e300000,0x0000000772100000)
  from space 10240K, 87% used [0x0000000772b00000,0x00000007733b4a88,0x0000000773500000)
  to   space 10240K, 0% used [0x0000000772100000,0x0000000772100000,0x0000000772b00000)
 ParOldGen       total 167936K, used 4200K [0x00000006ca800000, 0x00000006d4c00000, 0x000000076e300000)
  object space 167936K, 2% used [0x00000006ca800000,0x00000006cac1a030,0x00000006d4c00000)
 Metaspace       used 20239K, capacity 21216K, committed 21296K, reserved 1067008K
  class space    used 2837K, capacity 3089K, committed 3120K, reserved 1048576K
}
Event: 8.357 GC heap before
{Heap before GC invocations=3 (full 1):
 PSYoungGen      total 73728K, used 8914K [0x000000076e300000, 0x0000000773500000, 0x00000007c0000000)
  eden space 63488K, 0% used [0x000000076e300000,0x000000076e300000,0x0000000772100000)
  from space 10240K, 87% used [0x0000000772b00000,0x00000007733b4a88,0x0000000773500000)
  to   space 10240K, 0% used [0x0000000772100000,0x0000000772100000,0x0000000772b00000)
 ParOldGen       total 167936K, used 4200K [0x00000006ca800000, 0x00000006d4c00000, 0x000000076e300000)
  object space 167936K, 2% used [0x00000006ca800000,0x00000006cac1a030,0x00000006d4c00000)
 Metaspace       used 20239K, capacity 21216K, committed 21296K, reserved 1067008K
  class space    used 2837K, capacity 3089K, committed 3120K, reserved 1048576K
Event: 8.375 GC heap after
Heap after GC invocations=3 (full 1):
 PSYoungGen      total 73728K, used 0K [0x000000076e300000, 0x0000000773500000, 0x00000007c0000000)
  eden space 63488K, 0% used [0x000000076e300000,0x000000076e300000,0x0000000772100000)
  from space 10240K, 0% used [0x0000000772b00000,0x0000000772b00000,0x0000000773500000)
  to   space 10240K, 0% used [0x0000000772100000,0x0000000772100000,0x0000000772b00000)
 ParOldGen       total 79872K, used 10789K [0x00000006ca800000, 0x00000006cf600000, 0x000000076e300000)
  object space 79872K, 13% used [0x00000006ca800000,0x00000006cb289658,0x00000006cf600000)
 Metaspace       used 20239K, capacity 21216K, committed 21296K, reserved 1067008K
  class space    used 2837K, capacity 3089K, committed 3120K, reserved 1048576K
}

